<?xml version="1.0" encoding="UTF-8"?>
<!-- Generated by org.testng.reporters.JUnitReportReporter -->
<testsuite hostname="DESKTOP-PTP7Q1P" failures="0" tests="1" name="TestCases.verifyloginscreen" time="9.927" errors="0" timestamp="15 Sep 2018 18:23:37 GMT" skipped="0">
  <testcase classname="TestCases.verifyloginscreen" name="verifyTitle" time="9.927"/>
</testsuite> <!-- TestCases.verifyloginscreen -->
