<?xml version="1.0" encoding="UTF-8"?>
<!-- Generated by org.testng.reporters.JUnitReportReporter -->
<testsuite hostname="DESKTOP-PTP7Q1P" failures="0" tests="1" name="TestCases.verifyemail" time="12.767" errors="0" timestamp="15 Sep 2018 18:14:18 GMT" skipped="0">
  <testcase classname="TestCases.verifyemail" name="verifyTitle" time="12.767"/>
</testsuite> <!-- TestCases.verifyemail -->
