<?xml version="1.0" encoding="UTF-8"?>
<!-- Generated by org.testng.reporters.JUnitReportReporter -->
<testsuite hostname="DESKTOP-PTP7Q1P" failures="0" tests="1" name="TestCases.verifyloginscreen" time="11.272" errors="0" timestamp="15 Sep 2018 19:05:15 GMT" skipped="0">
  <testcase classname="TestCases.verifyloginscreen" name="verifyTitle" time="11.272"/>
</testsuite> <!-- TestCases.verifyloginscreen -->
